
2014-12-09 18:04:28,283 Begin update process
2014-12-09 18:04:28,283 Begin copy files
2014-12-09 18:04:39,377 Begin unzip files
2014-12-09 18:05:10,281 Begin update web.config
2014-12-09 18:05:10,312 Finished
2014-12-15 18:46:27,877 Begin update process
2014-12-15 18:46:27,877 Begin copy files
2014-12-15 18:46:35,377 Begin unzip files
2014-12-15 18:46:52,736 Begin update web.config
2014-12-15 18:48:29,578 Begin update process
2014-12-15 18:48:29,593 Begin copy files
2014-12-15 18:48:35,531 Begin unzip files
2014-12-15 18:48:46,861 Begin update web.config
2014-12-15 18:48:46,861 Get plugins
2014-12-15 18:48:47,158 Finished
2014-12-16 16:44:39,893 Begin update process
2014-12-16 16:44:39,893 Begin copy files
2014-12-16 16:45:10,614 Begin update process
2014-12-16 16:45:10,614 Begin copy files
2014-12-16 16:48:15,315 Begin update process
2014-12-16 16:48:15,315 Begin copy files
2014-12-16 16:48:21,389 Begin unzip files
2014-12-16 16:48:33,909 Begin update web.config
2014-12-16 16:48:33,909 Get plugins
2014-12-16 16:48:34,128 Set up site on IIS
2014-12-16 16:48:35,284 Finished
2014-12-16 16:50:23,113 Begin update process
2014-12-16 16:50:23,113 Begin copy files
2014-12-16 16:52:24,391 Begin update process
2014-12-16 16:52:24,391 Begin copy files
2014-12-16 16:52:29,374 Begin unzip files
2014-12-16 16:52:37,016 Begin update web.config
2014-12-16 16:52:37,021 Get plugins
2014-12-16 16:52:37,359 Set up site on IIS
2014-12-16 16:52:39,310 Finished
2014-12-16 16:55:17,957 Begin update process
2014-12-16 16:55:17,957 Begin copy files
2014-12-16 16:55:23,914 Begin unzip files
2014-12-16 16:55:32,432 Begin update web.config
2014-12-16 16:55:32,448 Get plugins
2014-12-16 16:55:32,620 Set up site on IIS
2014-12-16 16:55:32,620 Finished
2014-12-16 16:57:07,718 Begin update process
2014-12-16 16:57:07,718 Begin copy files
2014-12-16 16:57:13,521 Begin unzip files
2014-12-16 16:57:21,689 Begin update web.config
2014-12-16 16:57:21,705 Get plugins
2014-12-16 16:57:21,861 Set up site on IIS
2014-12-16 17:02:56,676 Begin update process
2014-12-16 17:02:56,676 Begin copy files
2014-12-16 17:03:02,454 Begin unzip files
2014-12-16 17:03:10,222 Begin update web.config
2014-12-16 17:03:10,237 Get plugins
2014-12-16 17:03:10,456 Set up site on IIS
2014-12-16 17:28:25,159 Begin update process
2014-12-16 17:28:25,159 Begin copy files
2014-12-16 17:28:30,956 Begin unzip files
2014-12-16 17:28:37,441 Begin update web.config
2014-12-16 17:28:37,457 Get plugins
2014-12-16 17:28:38,035 Set up site on IIS
2014-12-16 17:28:39,535 Finished
2014-12-16 17:29:26,744 Begin update process
2014-12-16 17:29:26,744 Begin copy files
2014-12-16 17:29:32,610 Begin unzip files
2014-12-16 17:29:41,370 Begin update web.config
2014-12-16 17:29:41,370 Get plugins
2014-12-16 17:29:41,839 Set up site on IIS
2014-12-16 17:29:43,600 Finished
2014-12-16 17:31:04,615 Begin update process
2014-12-16 17:31:04,615 Begin copy files
2014-12-16 17:31:10,380 Begin unzip files
2014-12-16 17:31:18,704 Begin update web.config
2014-12-16 17:31:18,704 Get plugins
2014-12-16 17:31:18,860 Set up site on IIS
2014-12-16 17:31:22,001 Finished
2014-12-16 17:31:42,008 Begin update process
2014-12-16 17:31:42,008 Begin copy files
2014-12-16 17:31:47,687 Begin unzip files
2014-12-16 17:31:54,672 Begin update web.config
2014-12-16 17:31:54,672 Get plugins
2014-12-16 17:31:54,828 Set up site on IIS
2014-12-16 17:31:57,895 Finished
2014-12-29 12:21:31,792 Begin update process
2014-12-29 12:21:31,823 Begin update DB
2014-12-29 12:22:38,238 DB update finished - see details in log.txt
2014-12-29 12:22:38,238 Begin file copy
2014-12-29 13:38:31,164 Begin update process
2014-12-29 13:38:31,164 Begin update DB
2014-12-29 13:38:54,437 Begin update process
2014-12-29 13:38:54,452 Begin update DB
2014-12-29 13:40:01,150 DB update finished - see details in log.txt
2014-12-29 13:40:01,150 Begin file copy
2014-12-29 13:40:03,103 Begin unzip files
2014-12-29 13:55:56,238 Begin update process
2014-12-29 13:55:56,238 Begin update DB
2014-12-29 13:56:12,127 Begin update process
2014-12-29 13:56:12,127 Begin update DB
2014-12-29 13:57:21,430 DB update finished - see details in log.txt
2014-12-29 13:57:21,430 Begin file copy
2014-12-29 13:57:21,430 Begin unzip files
2014-12-30 11:54:56,508 Begin update process
2014-12-30 11:54:56,523 Begin update DB
2014-12-30 11:55:00,246 DB update finished - see details in log.txt
2014-12-30 11:55:00,246 Begin file copy
2014-12-30 11:55:01,246 Begin unzip files
2014-12-30 11:55:20,141 Begin update web.config
2014-12-30 11:55:20,157 Finish update web.config
2014-12-30 11:55:20,157 Begin get plugins
2014-12-30 11:55:20,351 Finish get plugins
2014-12-30 11:55:20,351 Set up site on IIS
2014-12-30 11:56:11,529 Begin update process
2014-12-30 11:56:11,529 Begin update DB
2014-12-30 11:56:15,231 DB update finished - see details in log.txt
2014-12-30 11:56:15,231 Begin file copy
2014-12-30 11:56:17,028 Begin unzip files
2014-12-30 11:56:27,572 Begin update web.config
2014-12-30 11:56:27,588 Finish update web.config
2014-12-30 11:56:27,588 Begin get plugins
2014-12-30 11:56:27,713 Finish get plugins
2014-12-30 11:56:27,713 Set up site on IIS
2014-12-30 11:56:34,400 Finish set up site on IIS
2014-12-30 11:56:34,400 Finished all
2014-12-30 11:58:48,017 Begin update process
2014-12-30 11:58:48,017 Begin update DB
2014-12-30 11:58:51,433 DB update finished - see details in log.txt
2014-12-30 11:58:51,433 Begin file copy
2014-12-30 11:58:53,042 Begin unzip files
2014-12-30 11:59:05,079 Begin update web.config
2014-12-30 11:59:05,095 Finish update web.config
2014-12-30 11:59:05,095 Begin get plugins
2014-12-30 11:59:05,189 Finish get plugins
2014-12-30 11:59:05,189 Set up site on IIS
2014-12-30 11:59:09,220 Finish set up site on IIS
2014-12-30 11:59:09,220 Finished all
2014-12-30 14:10:53,854 Begin update process
2014-12-30 14:10:53,854 Begin update DB
2014-12-30 14:10:57,639 DB update finished - see details in log.txt
2014-12-30 14:10:57,639 Begin file copy
2014-12-30 14:10:58,213 Begin unzip files
2014-12-30 14:11:11,288 Begin update web.config
2014-12-30 14:11:11,294 Finish update web.config
2014-12-30 14:11:11,295 Begin get plugins
2014-12-30 14:11:11,449 Finish get plugins
2014-12-30 14:11:11,449 Begin get extra files
2014-12-30 14:11:11,453 Finish get extra files
2014-12-30 14:11:11,453 Set up site on IIS
2014-12-30 14:11:18,018 Finish set up site on IIS
2014-12-30 14:11:18,018 Finished all
2015-01-15 16:05:40,325 Begin update process
2015-01-15 16:05:40,326 Begin update DB
2015-01-15 16:05:50,838 DB update finished - see details in log.txt
2015-01-15 16:05:50,839 Begin file copy
2015-01-15 16:05:53,977 Begin unzip files
2015-01-15 16:06:09,120 Begin update web.config
2015-01-15 16:06:09,131 Finish update web.config
2015-01-15 16:06:09,132 Begin get plugins
2015-01-15 16:06:09,311 Finish get plugins
2015-01-15 16:06:09,312 Begin get extra files
2015-01-15 16:06:09,317 Finish get extra files
2015-01-15 16:06:09,318 Set up site on IIS
2015-01-15 16:06:11,535 Finish set up site on IIS
2015-01-15 16:06:11,536 Finished all
2015-01-15 16:12:14,065 Begin update process
2015-01-15 16:12:14,066 Begin update DB
2015-01-15 16:13:09,986 Begin update process
2015-01-15 16:13:09,986 Begin update DB
2015-01-15 16:13:18,658 DB update finished - see details in log.txt
2015-01-15 16:13:18,659 Begin file copy
2015-01-15 16:13:20,319 Begin unzip files
2015-01-15 16:13:26,832 Begin update web.config
2015-01-15 16:13:26,837 Finish update web.config
2015-01-15 16:13:26,838 Begin get plugins
2015-01-15 16:13:26,944 Finish get plugins
2015-01-15 16:13:26,944 Begin get extra files
2015-01-15 16:13:26,948 Finish get extra files
2015-01-15 16:13:26,948 Set up site on IIS
2015-01-15 16:13:30,177 Finish set up site on IIS
2015-01-15 16:13:30,177 Finished all
2015-01-15 16:20:31,293 Begin update process
2015-01-15 16:20:31,293 Begin update DB
2015-01-15 16:21:52,561 Begin update process
2015-01-15 16:21:52,562 Begin update DB
2015-01-15 16:22:01,069 DB update finished - see details in log.txt
2015-01-15 16:22:01,069 Begin file copy
2015-01-15 16:22:26,850 Begin update process
2015-01-15 16:22:26,850 Begin update DB
2015-01-15 16:22:35,038 DB update finished - see details in log.txt
2015-01-15 16:22:35,038 Begin file copy
2015-01-15 16:22:35,647 Begin unzip files
2015-01-15 16:22:42,881 Begin update web.config
2015-01-15 16:22:42,897 Finish update web.config
2015-01-15 16:22:42,897 Begin get plugins
2015-01-15 16:22:43,006 Finish get plugins
2015-01-15 16:22:43,006 Begin get extra files
2015-01-15 16:22:43,006 Finish get extra files
2015-01-15 16:22:43,006 Set up site on IIS
2015-01-15 16:22:45,569 Finish set up site on IIS
2015-01-15 16:22:45,569 Finished all
2015-01-15 18:09:22,114 Begin update process
2015-01-15 18:09:22,114 Begin update DB
2015-01-15 18:10:07,527 Begin update process
2015-01-15 18:10:07,527 Begin update DB
2015-01-15 18:10:17,543 DB update finished - see details in log.txt
2015-01-15 18:10:17,543 Begin file copy
2015-01-15 18:10:19,199 Begin unzip files
2015-01-15 18:10:32,215 Begin update web.config
2015-01-15 18:10:32,215 Finish update web.config
2015-01-15 18:10:32,215 Begin get plugins
2015-01-15 18:10:32,355 Finish get plugins
2015-01-15 18:10:32,355 Begin get extra files
2015-01-15 18:10:32,355 Finish get extra files
2015-01-15 18:10:32,355 Set up site on IIS
2015-01-15 18:10:34,824 Finish set up site on IIS
2015-01-15 18:10:34,824 Finished all
2015-01-15 18:19:36,715 Begin update process
2015-01-15 18:19:36,715 Begin update DB
2015-01-15 18:19:46,216 DB update finished - see details in log.txt
2015-01-15 18:19:46,216 Begin file copy
2015-01-15 18:19:47,903 Begin unzip files
2015-01-15 18:19:54,247 Begin update web.config
2015-01-15 18:19:54,262 Finish update web.config
2015-01-15 18:19:54,262 Begin get plugins
2015-01-15 18:19:54,356 Finish get plugins
2015-01-15 18:19:54,356 Begin get extra files
2015-01-15 18:19:54,356 Finish get extra files
2015-01-15 18:19:54,356 Set up site on IIS
2015-01-15 18:19:56,856 Finish set up site on IIS
2015-01-15 18:19:56,856 Finished all
2015-01-15 18:21:37,326 Begin update process
2015-01-15 18:21:37,326 Begin update DB
2015-01-15 18:21:47,060 DB update finished - see details in log.txt
2015-01-15 18:21:47,060 Begin file copy
2015-01-15 18:21:48,467 Begin unzip files
2015-01-15 18:21:55,404 Begin update web.config
2015-01-15 18:21:55,420 Finish update web.config
2015-01-15 18:21:55,420 Begin get plugins
2015-01-15 18:21:55,513 Finish get plugins
2015-01-15 18:21:55,513 Begin get extra files
2015-01-15 18:21:55,513 Finish get extra files
2015-01-15 18:21:55,513 Set up site on IIS
2015-01-15 18:21:58,232 Finish set up site on IIS
2015-01-15 18:21:58,232 Finished all
2015-01-15 18:25:36,470 Begin update process
2015-01-15 18:25:36,470 Begin update DB
2015-01-15 18:25:44,470 Begin update process
2015-01-15 18:25:44,470 Begin update DB
2015-01-15 18:26:36,377 Begin update process
2015-01-15 18:26:36,377 Begin update DB
2015-01-15 18:27:00,752 Begin update process
2015-01-15 18:27:00,752 Begin update DB
2015-01-15 18:27:09,533 DB update finished - see details in log.txt
2015-01-15 18:27:09,533 Begin file copy
2015-01-15 18:27:11,127 Begin unzip files
2015-01-15 18:27:18,205 Begin update web.config
2015-01-15 18:27:18,205 Finish update web.config
2015-01-15 18:27:18,205 Begin get plugins
2015-01-15 18:27:18,299 Finish get plugins
2015-01-15 18:27:18,299 Begin get extra files
2015-01-15 18:27:18,314 Finish get extra files
2015-01-15 18:27:18,314 Set up site on IIS
2015-01-15 18:27:21,424 Finish set up site on IIS
2015-01-15 18:27:21,424 Finished all
2015-01-16 11:23:30,331 Begin update process
2015-01-16 11:23:30,331 Begin update DB
2015-01-16 11:23:39,690 DB update finished - see details in log.txt
2015-01-16 11:23:39,690 Begin file copy
2015-01-16 11:23:41,784 Begin unzip files
2015-01-16 11:23:54,097 Begin update web.config
2015-01-16 11:23:54,112 Finish update web.config
2015-01-16 11:23:54,112 Begin get plugins
2015-01-16 11:23:54,237 Finish get plugins
2015-01-16 11:23:54,237 Begin get extra files
2015-01-16 11:23:54,237 Finish get extra files
2015-01-16 11:23:54,237 Set up site on IIS
2015-01-16 11:23:58,753 Finish set up site on IIS
2015-01-16 11:23:58,753 Finished all
